<?xml version="1.0" encoding="UTF-8"?>
<!-- Generated by org.testng.reporters.JUnitReportReporter -->
<testsuite hostname="siva" failures="0" tests="1" name="Scripts.Testcase1" time="20.575" errors="0" timestamp="2023-01-01T18:41:45 IST" skipped="0">
  <testcase classname="Scripts.Testcase1" name="tc1" time="20.575"/>
  <system-out/>
</testsuite> <!-- Scripts.Testcase1 -->
