<?xml version="1.0" encoding="UTF-8"?>
<!-- Generated by org.testng.reporters.JUnitReportReporter -->
<testsuite hostname="siva" failures="0" tests="1" name="Scripts.Testcase2" time="33.923" errors="0" timestamp="2023-01-01T18:41:45 IST" skipped="0">
  <testcase classname="Scripts.Testcase2" name="tc2" time="33.923"/>
  <system-out/>
</testsuite> <!-- Scripts.Testcase2 -->
